--------------------------  monitor_ctml.pjt - Debug  --------------------------
[DSP2833x_Adc.c] "C:\CCStudio_v3.3\C2000\cgtools\bin\cl2000" -pdr -pdsw225 -fr"C:/Users/user/Desktop/monitor_base/monitor_ctml/Debug" -i"../include" -d"_DEBUG" -d"LARGE_MODEL" -ml -v28 --float_support=fpu32 -@"../monitor_ctml/Debug.lkf" "DSP2833x_Adc.c"

[DSP2833x_ADC_cal.asm] "C:\CCStudio_v3.3\C2000\cgtools\bin\cl2000" -pdr -pdsw225 -fr"C:/Users/user/Desktop/monitor_base/monitor_ctml/Debug" -i"../include" -d"_DEBUG" -d"LARGE_MODEL" -ml -v28 --float_support=fpu32 -@"../monitor_ctml/Debug.lkf" "DSP2833x_ADC_cal.asm"

[DSP2833x_CodeStartBranch.asm] "C:\CCStudio_v3.3\C2000\cgtools\bin\cl2000" -pdr -pdsw225 -fr"C:/Users/user/Desktop/monitor_base/monitor_ctml/Debug" -i"../include" -d"_DEBUG" -d"LARGE_MODEL" -ml -v28 --float_support=fpu32 -@"../monitor_ctml/Debug.lkf" "DSP2833x_CodeStartBranch.asm"

[DSP2833x_CpuTimers.c] "C:\CCStudio_v3.3\C2000\cgtools\bin\cl2000" -pdr -pdsw225 -fr"C:/Users/user/Desktop/monitor_base/monitor_ctml/Debug" -i"../include" -d"_DEBUG" -d"LARGE_MODEL" -ml -v28 --float_support=fpu32 -@"../monitor_ctml/Debug.lkf" "DSP2833x_CpuTimers.c"

[DSP2833x_DefaultIsr.c] "C:\CCStudio_v3.3\C2000\cgtools\bin\cl2000" -pdr -pdsw225 -fr"C:/Users/user/Desktop/monitor_base/monitor_ctml/Debug" -i"../include" -d"_DEBUG" -d"LARGE_MODEL" -ml -v28 --float_support=fpu32 -@"../monitor_ctml/Debug.lkf" "DSP2833x_DefaultIsr.c"

[DSP2833x_DMA.c] "C:\CCStudio_v3.3\C2000\cgtools\bin\cl2000" -pdr -pdsw225 -fr"C:/Users/user/Desktop/monitor_base/monitor_ctml/Debug" -i"../include" -d"_DEBUG" -d"LARGE_MODEL" -ml -v28 --float_support=fpu32 -@"../monitor_ctml/Debug.lkf" "DSP2833x_DMA.c"

[DSP2833x_ECan.c] "C:\CCStudio_v3.3\C2000\cgtools\bin\cl2000" -pdr -pdsw225 -fr"C:/Users/user/Desktop/monitor_base/monitor_ctml/Debug" -i"../include" -d"_DEBUG" -d"LARGE_MODEL" -ml -v28 --float_support=fpu32 -@"../monitor_ctml/Debug.lkf" "DSP2833x_ECan.c"

[DSP2833x_ECap.c] "C:\CCStudio_v3.3\C2000\cgtools\bin\cl2000" -pdr -pdsw225 -fr"C:/Users/user/Desktop/monitor_base/monitor_ctml/Debug" -i"../include" -d"_DEBUG" -d"LARGE_MODEL" -ml -v28 --float_support=fpu32 -@"../monitor_ctml/Debug.lkf" "DSP2833x_ECap.c"

[DSP2833x_EPwm.c] "C:\CCStudio_v3.3\C2000\cgtools\bin\cl2000" -pdr -pdsw225 -fr"C:/Users/user/Desktop/monitor_base/monitor_ctml/Debug" -i"../include" -d"_DEBUG" -d"LARGE_MODEL" -ml -v28 --float_support=fpu32 -@"../monitor_ctml/Debug.lkf" "DSP2833x_EPwm.c"

[DSP2833x_EQep.c] "C:\CCStudio_v3.3\C2000\cgtools\bin\cl2000" -pdr -pdsw225 -fr"C:/Users/user/Desktop/monitor_base/monitor_ctml/Debug" -i"../include" -d"_DEBUG" -d"LARGE_MODEL" -ml -v28 --float_support=fpu32 -@"../monitor_ctml/Debug.lkf" "DSP2833x_EQep.c"

[DSP2833x_GlobalVariableDefs.c] "C:\CCStudio_v3.3\C2000\cgtools\bin\cl2000" -pdr -pdsw225 -fr"C:/Users/user/Desktop/monitor_base/monitor_ctml/Debug" -i"../include" -d"_DEBUG" -d"LARGE_MODEL" -ml -v28 --float_support=fpu32 -@"../monitor_ctml/Debug.lkf" "DSP2833x_GlobalVariableDefs.c"

[DSP2833x_Gpio.c] "C:\CCStudio_v3.3\C2000\cgtools\bin\cl2000" -pdr -pdsw225 -fr"C:/Users/user/Desktop/monitor_base/monitor_ctml/Debug" -i"../include" -d"_DEBUG" -d"LARGE_MODEL" -ml -v28 --float_support=fpu32 -@"../monitor_ctml/Debug.lkf" "DSP2833x_Gpio.c"

[DSP2833x_I2C.c] "C:\CCStudio_v3.3\C2000\cgtools\bin\cl2000" -pdr -pdsw225 -fr"C:/Users/user/Desktop/monitor_base/monitor_ctml/Debug" -i"../include" -d"_DEBUG" -d"LARGE_MODEL" -ml -v28 --float_support=fpu32 -@"../monitor_ctml/Debug.lkf" "DSP2833x_I2C.c"

[DSP2833x_Mcbsp.c] "C:\CCStudio_v3.3\C2000\cgtools\bin\cl2000" -pdr -pdsw225 -fr"C:/Users/user/Desktop/monitor_base/monitor_ctml/Debug" -i"../include" -d"_DEBUG" -d"LARGE_MODEL" -ml -v28 --float_support=fpu32 -@"../monitor_ctml/Debug.lkf" "DSP2833x_Mcbsp.c"

[DSP2833x_MemCopy.c] "C:\CCStudio_v3.3\C2000\cgtools\bin\cl2000" -pdr -pdsw225 -fr"C:/Users/user/Desktop/monitor_base/monitor_ctml/Debug" -i"../include" -d"_DEBUG" -d"LARGE_MODEL" -ml -v28 --float_support=fpu32 -@"../monitor_ctml/Debug.lkf" "DSP2833x_MemCopy.c"

[DSP2833x_PieCtrl.c] "C:\CCStudio_v3.3\C2000\cgtools\bin\cl2000" -pdr -pdsw225 -fr"C:/Users/user/Desktop/monitor_base/monitor_ctml/Debug" -i"../include" -d"_DEBUG" -d"LARGE_MODEL" -ml -v28 --float_support=fpu32 -@"../monitor_ctml/Debug.lkf" "DSP2833x_PieCtrl.c"

[DSP2833x_PieVect.c] "C:\CCStudio_v3.3\C2000\cgtools\bin\cl2000" -pdr -pdsw225 -fr"C:/Users/user/Desktop/monitor_base/monitor_ctml/Debug" -i"../include" -d"_DEBUG" -d"LARGE_MODEL" -ml -v28 --float_support=fpu32 -@"../monitor_ctml/Debug.lkf" "DSP2833x_PieVect.c"

[DSP2833x_Sci.c] "C:\CCStudio_v3.3\C2000\cgtools\bin\cl2000" -pdr -pdsw225 -fr"C:/Users/user/Desktop/monitor_base/monitor_ctml/Debug" -i"../include" -d"_DEBUG" -d"LARGE_MODEL" -ml -v28 --float_support=fpu32 -@"../monitor_ctml/Debug.lkf" "DSP2833x_Sci.c"

[DSP2833x_Spi.c] "C:\CCStudio_v3.3\C2000\cgtools\bin\cl2000" -pdr -pdsw225 -fr"C:/Users/user/Desktop/monitor_base/monitor_ctml/Debug" -i"../include" -d"_DEBUG" -d"LARGE_MODEL" -ml -v28 --float_support=fpu32 -@"../monitor_ctml/Debug.lkf" "DSP2833x_Spi.c"

[DSP2833x_SysCtrl.c] "C:\CCStudio_v3.3\C2000\cgtools\bin\cl2000" -pdr -pdsw225 -fr"C:/Users/user/Desktop/monitor_base/monitor_ctml/Debug" -i"../include" -d"_DEBUG" -d"LARGE_MODEL" -ml -v28 --float_support=fpu32 -@"../monitor_ctml/Debug.lkf" "DSP2833x_SysCtrl.c"

[DSP2833x_usDelay.asm] "C:\CCStudio_v3.3\C2000\cgtools\bin\cl2000" -pdr -pdsw225 -fr"C:/Users/user/Desktop/monitor_base/monitor_ctml/Debug" -i"../include" -d"_DEBUG" -d"LARGE_MODEL" -ml -v28 --float_support=fpu32 -@"../monitor_ctml/Debug.lkf" "DSP2833x_usDelay.asm"

[DSP2833x_Xintf.c] "C:\CCStudio_v3.3\C2000\cgtools\bin\cl2000" -pdr -pdsw225 -fr"C:/Users/user/Desktop/monitor_base/monitor_ctml/Debug" -i"../include" -d"_DEBUG" -d"LARGE_MODEL" -ml -v28 --float_support=fpu32 -@"../monitor_ctml/Debug.lkf" "DSP2833x_Xintf.c"

[Example_Flash2833x_CsmKeys.asm] "C:\CCStudio_v3.3\C2000\cgtools\bin\cl2000" -pdr -pdsw225 -fr"C:/Users/user/Desktop/monitor_base/monitor_ctml/Debug" -i"../include" -d"_DEBUG" -d"LARGE_MODEL" -ml -v28 --float_support=fpu32 -@"../monitor_ctml/Debug.lkf" "Example_Flash2833x_CsmKeys.asm"

[flash.c] "C:\CCStudio_v3.3\C2000\cgtools\bin\cl2000" -pdr -pdsw225 -fr"C:/Users/user/Desktop/monitor_base/monitor_ctml/Debug" -i"../include" -d"_DEBUG" -d"LARGE_MODEL" -ml -v28 --float_support=fpu32 -@"../monitor_ctml/Debug.lkf" "flash.c"

[main.c] "C:\CCStudio_v3.3\C2000\cgtools\bin\cl2000" -pdr -pdsw225 -fr"C:/Users/user/Desktop/monitor_base/monitor_ctml/Debug" -i"../include" -d"_DEBUG" -d"LARGE_MODEL" -ml -v28 --float_support=fpu32 -@"../monitor_ctml/Debug.lkf" "main.c"

[serial.c] "C:\CCStudio_v3.3\C2000\cgtools\bin\cl2000" -pdr -pdsw225 -fr"C:/Users/user/Desktop/monitor_base/monitor_ctml/Debug" -i"../include" -d"_DEBUG" -d"LARGE_MODEL" -ml -v28 --float_support=fpu32 -@"../monitor_ctml/Debug.lkf" "serial.c"

[vfd.c] "C:\CCStudio_v3.3\C2000\cgtools\bin\cl2000" -pdr -pdsw225 -fr"C:/Users/user/Desktop/monitor_base/monitor_ctml/Debug" -i"../include" -d"_DEBUG" -d"LARGE_MODEL" -ml -v28 --float_support=fpu32 -@"../monitor_ctml/Debug.lkf" "vfd.c"

[Linking...] "C:\CCStudio_v3.3\C2000\cgtools\bin\cl2000" -@"Debug.lkf"
<Linking>

Build Complete,
  0 Errors, 0 Warnings, 0 Remarks.
