:DIR /opt/TI
:DIR /opt/TI/C2000CGT5.2.8
:DIR /opt/TI/C2000CGT5.2.8/bin
:FILE /opt/TI/C2000CGT5.2.8/bin/abs2000
:FILE /opt/TI/C2000CGT5.2.8/bin/ac2000
:FILE /opt/TI/C2000CGT5.2.8/bin/ar2000
:FILE /opt/TI/C2000CGT5.2.8/bin/asm2000
:FILE /opt/TI/C2000CGT5.2.8/bin/asm2000_ltd
:FILE /opt/TI/C2000CGT5.2.8/bin/cg2000
:FILE /opt/TI/C2000CGT5.2.8/bin/cl2000
:FILE /opt/TI/C2000CGT5.2.8/bin/cl2000_ltd
:FILE /opt/TI/C2000CGT5.2.8/bin/clist2000
:FILE /opt/TI/C2000CGT5.2.8/bin/dem2000
:FILE /opt/TI/C2000CGT5.2.8/bin/dis2000
:FILE /opt/TI/C2000CGT5.2.8/bin/embed2000
:FILE /opt/TI/C2000CGT5.2.8/bin/hex2000
:FILE /opt/TI/C2000CGT5.2.8/bin/ilk2000
:FILE /opt/TI/C2000CGT5.2.8/bin/libinfo2000
:FILE /opt/TI/C2000CGT5.2.8/bin/lnk2000
:FILE /opt/TI/C2000CGT5.2.8/bin/lnk2000_ltd
:FILE /opt/TI/C2000CGT5.2.8/bin/mk2000
:FILE /opt/TI/C2000CGT5.2.8/bin/nm2000
:FILE /opt/TI/C2000CGT5.2.8/bin/ofd2000
:FILE /opt/TI/C2000CGT5.2.8/bin/opt2000
:FILE /opt/TI/C2000CGT5.2.8/bin/plink2000
:FILE /opt/TI/C2000CGT5.2.8/bin/strip2000
:FILE /opt/TI/C2000CGT5.2.8/bin/xref2000
:FILE /opt/TI/C2000CGT5.2.8/LICENSE.txt
:FILE /opt/TI/C2000CGT5.2.8/DefectHistory.txt
:FILE /opt/TI/C2000CGT5.2.8/LINKER_README.txt
:FILE /opt/TI/C2000CGT5.2.8/README.txt
:DIR /opt/TI/C2000CGT5.2.8/include
:FILE /opt/TI/C2000CGT5.2.8/include/_fmt_specifier.h
:FILE /opt/TI/C2000CGT5.2.8/include/_isfuncdcl.h
:FILE /opt/TI/C2000CGT5.2.8/include/_isfuncdef.h
:FILE /opt/TI/C2000CGT5.2.8/include/_lock.h
:FILE /opt/TI/C2000CGT5.2.8/include/access.h
:FILE /opt/TI/C2000CGT5.2.8/include/algorithm
:FILE /opt/TI/C2000CGT5.2.8/include/assert.h
:FILE /opt/TI/C2000CGT5.2.8/include/bitset
:FILE /opt/TI/C2000CGT5.2.8/include/cassert
:FILE /opt/TI/C2000CGT5.2.8/include/cctype
:FILE /opt/TI/C2000CGT5.2.8/include/cerrno
:FILE /opt/TI/C2000CGT5.2.8/include/cfloat
:FILE /opt/TI/C2000CGT5.2.8/include/ciso646
:FILE /opt/TI/C2000CGT5.2.8/include/climits
:FILE /opt/TI/C2000CGT5.2.8/include/clocale
:FILE /opt/TI/C2000CGT5.2.8/include/cmath
:FILE /opt/TI/C2000CGT5.2.8/include/cpp_inline_math.h
:FILE /opt/TI/C2000CGT5.2.8/include/cpy_tbl.h
:FILE /opt/TI/C2000CGT5.2.8/include/csetjmp
:FILE /opt/TI/C2000CGT5.2.8/include/csignal
:FILE /opt/TI/C2000CGT5.2.8/include/cstdarg
:FILE /opt/TI/C2000CGT5.2.8/include/cstddef
:FILE /opt/TI/C2000CGT5.2.8/include/cstdio
:FILE /opt/TI/C2000CGT5.2.8/include/cstdlib
:FILE /opt/TI/C2000CGT5.2.8/include/cstring
:FILE /opt/TI/C2000CGT5.2.8/include/ctime
:FILE /opt/TI/C2000CGT5.2.8/include/ctype.h
:FILE /opt/TI/C2000CGT5.2.8/include/cwchar
:FILE /opt/TI/C2000CGT5.2.8/include/cwctype
:FILE /opt/TI/C2000CGT5.2.8/include/deque
:FILE /opt/TI/C2000CGT5.2.8/include/errno.h
:FILE /opt/TI/C2000CGT5.2.8/include/exception
:FILE /opt/TI/C2000CGT5.2.8/include/file.h
:FILE /opt/TI/C2000CGT5.2.8/include/float.h
:FILE /opt/TI/C2000CGT5.2.8/include/fstream
:FILE /opt/TI/C2000CGT5.2.8/include/fstream.h
:FILE /opt/TI/C2000CGT5.2.8/include/functional
:FILE /opt/TI/C2000CGT5.2.8/include/hash_map
:FILE /opt/TI/C2000CGT5.2.8/include/hash_set
:FILE /opt/TI/C2000CGT5.2.8/include/inttypes.h
:FILE /opt/TI/C2000CGT5.2.8/include/iomanip
:FILE /opt/TI/C2000CGT5.2.8/include/iomanip.h
:FILE /opt/TI/C2000CGT5.2.8/include/ios
:FILE /opt/TI/C2000CGT5.2.8/include/iosfwd
:FILE /opt/TI/C2000CGT5.2.8/include/iostream
:FILE /opt/TI/C2000CGT5.2.8/include/iostream.h
:FILE /opt/TI/C2000CGT5.2.8/include/iso646.h
:FILE /opt/TI/C2000CGT5.2.8/include/istream
:FILE /opt/TI/C2000CGT5.2.8/include/iterator
:FILE /opt/TI/C2000CGT5.2.8/include/limits
:FILE /opt/TI/C2000CGT5.2.8/include/limits.h
:FILE /opt/TI/C2000CGT5.2.8/include/linkage.h
:FILE /opt/TI/C2000CGT5.2.8/include/list
:FILE /opt/TI/C2000CGT5.2.8/include/locale
:FILE /opt/TI/C2000CGT5.2.8/include/locale.h
:FILE /opt/TI/C2000CGT5.2.8/include/map
:FILE /opt/TI/C2000CGT5.2.8/include/math.h
:FILE /opt/TI/C2000CGT5.2.8/include/memory
:FILE /opt/TI/C2000CGT5.2.8/include/new
:FILE /opt/TI/C2000CGT5.2.8/include/new.h
:FILE /opt/TI/C2000CGT5.2.8/include/numeric
:FILE /opt/TI/C2000CGT5.2.8/include/ostream
:FILE /opt/TI/C2000CGT5.2.8/include/queue
:FILE /opt/TI/C2000CGT5.2.8/include/rope
:FILE /opt/TI/C2000CGT5.2.8/include/set
:FILE /opt/TI/C2000CGT5.2.8/include/setjmp.h
:FILE /opt/TI/C2000CGT5.2.8/include/signal.h
:FILE /opt/TI/C2000CGT5.2.8/include/slist
:FILE /opt/TI/C2000CGT5.2.8/include/sstream
:FILE /opt/TI/C2000CGT5.2.8/include/stack
:FILE /opt/TI/C2000CGT5.2.8/include/stdarg.h
:FILE /opt/TI/C2000CGT5.2.8/include/stddef.h
:FILE /opt/TI/C2000CGT5.2.8/include/stdexcept
:FILE /opt/TI/C2000CGT5.2.8/include/stdint.h
:FILE /opt/TI/C2000CGT5.2.8/include/stdio.h
:FILE /opt/TI/C2000CGT5.2.8/include/stdiostream.h
:FILE /opt/TI/C2000CGT5.2.8/include/stdlib.h
:FILE /opt/TI/C2000CGT5.2.8/include/stdlibf.h
:FILE /opt/TI/C2000CGT5.2.8/include/stl.h
:FILE /opt/TI/C2000CGT5.2.8/include/streambuf
:FILE /opt/TI/C2000CGT5.2.8/include/string
:FILE /opt/TI/C2000CGT5.2.8/include/string.h
:FILE /opt/TI/C2000CGT5.2.8/include/strstream
:FILE /opt/TI/C2000CGT5.2.8/include/strstream.h
:FILE /opt/TI/C2000CGT5.2.8/include/time.h
:FILE /opt/TI/C2000CGT5.2.8/include/typeinfo
:FILE /opt/TI/C2000CGT5.2.8/include/unaccess.h
:FILE /opt/TI/C2000CGT5.2.8/include/utility
:FILE /opt/TI/C2000CGT5.2.8/include/valarray
:FILE /opt/TI/C2000CGT5.2.8/include/vector
:FILE /opt/TI/C2000CGT5.2.8/include/wchar.h
:FILE /opt/TI/C2000CGT5.2.8/include/wchar.hx
:FILE /opt/TI/C2000CGT5.2.8/include/wctype.h
:FILE /opt/TI/C2000CGT5.2.8/include/xdebug
:FILE /opt/TI/C2000CGT5.2.8/include/xhash
:FILE /opt/TI/C2000CGT5.2.8/include/xiosbase
:FILE /opt/TI/C2000CGT5.2.8/include/xlocale
:FILE /opt/TI/C2000CGT5.2.8/include/xlocinfo
:FILE /opt/TI/C2000CGT5.2.8/include/xlocinfo.h
:FILE /opt/TI/C2000CGT5.2.8/include/xlocmes
:FILE /opt/TI/C2000CGT5.2.8/include/xlocmon
:FILE /opt/TI/C2000CGT5.2.8/include/xlocnum
:FILE /opt/TI/C2000CGT5.2.8/include/xloctime
:FILE /opt/TI/C2000CGT5.2.8/include/xmemory
:FILE /opt/TI/C2000CGT5.2.8/include/xstddef
:FILE /opt/TI/C2000CGT5.2.8/include/xstring
:FILE /opt/TI/C2000CGT5.2.8/include/xtree
:FILE /opt/TI/C2000CGT5.2.8/include/xutility
:FILE /opt/TI/C2000CGT5.2.8/include/xwcc.h
:FILE /opt/TI/C2000CGT5.2.8/include/ymath.h
:FILE /opt/TI/C2000CGT5.2.8/include/yvals.h
:DIR /opt/TI/C2000CGT5.2.8/lib
:FILE /opt/TI/C2000CGT5.2.8/lib/libc.a
:FILE /opt/TI/C2000CGT5.2.8/lib/rts2700.lib
:FILE /opt/TI/C2000CGT5.2.8/lib/rts2700_eh.lib
:FILE /opt/TI/C2000CGT5.2.8/lib/rts2700_ml.lib
:FILE /opt/TI/C2000CGT5.2.8/lib/rts2700_ml_eh.lib
:FILE /opt/TI/C2000CGT5.2.8/lib/rts2800.lib
:FILE /opt/TI/C2000CGT5.2.8/lib/rts2800_eh.lib
:FILE /opt/TI/C2000CGT5.2.8/lib/rts2800_fpu32.lib
:FILE /opt/TI/C2000CGT5.2.8/lib/rts2800_fpu32_eh.lib
:FILE /opt/TI/C2000CGT5.2.8/lib/rts2800_ml.lib
:FILE /opt/TI/C2000CGT5.2.8/lib/rts2800_ml_eh.lib
:FILE /opt/TI/C2000CGT5.2.8/lib/rtssrc.zip
:DIR /opt/TI/C2000CGT5.2.8/man
:DIR /opt/TI/C2000CGT5.2.8/man/man1
:FILE /opt/TI/C2000CGT5.2.8/man/man1/abs2000.1
:FILE /opt/TI/C2000CGT5.2.8/man/man1/asm2000.1
:FILE /opt/TI/C2000CGT5.2.8/man/man1/asm2000_ltd.1
:FILE /opt/TI/C2000CGT5.2.8/man/man1/cg2000.1
:FILE /opt/TI/C2000CGT5.2.8/man/man1/cl2000.1
:FILE /opt/TI/C2000CGT5.2.8/man/man1/cl2000_ltd.1
:FILE /opt/TI/C2000CGT5.2.8/man/man1/embed2000.1
:FILE /opt/TI/C2000CGT5.2.8/man/man1/hex2000.1
:FILE /opt/TI/C2000CGT5.2.8/man/man1/ilk2000.1
:FILE /opt/TI/C2000CGT5.2.8/man/man1/libinfo2000.1
:FILE /opt/TI/C2000CGT5.2.8/man/man1/lnk2000.1
:FILE /opt/TI/C2000CGT5.2.8/man/man1/lnk2000_ltd.1
:FILE /opt/TI/C2000CGT5.2.8/man/man1/nm2000.1
:FILE /opt/TI/C2000CGT5.2.8/man/man1/ofd2000.1
:FILE /opt/TI/C2000CGT5.2.8/man/man1/opt2000.1
:FILE /opt/TI/C2000CGT5.2.8/man/man1/strip2000.1
:FILE /opt/TI/C2000CGT5.2.8/man/man1/xref2000.1
:FILE /opt/TI/C2000CGT5.2.8/install.log
